<?xml version="1.0" encoding="UTF-8"?>
<testng-results ignored="0" total="1" passed="1" failed="0" skipped="0">
  <reporter-output>
  </reporter-output>
  <suite started-at="2022-06-29T04:29:17Z" name="Default suite" finished-at="2022-06-29T04:29:25Z" duration-ms="7920">
    <groups>
    </groups>
    <test started-at="2022-06-29T04:29:17Z" name="Default test" finished-at="2022-06-29T04:29:25Z" duration-ms="7920">
      <class name="testSel.SelTest">
        <test-method signature="f()[pri:0, instance:testSel.SelTest@58cbafc2]" started-at="2022-06-28T23:29:17Z" name="f" finished-at="2022-06-28T23:29:25Z" duration-ms="7885" status="PASS">
          <reporter-output>
          </reporter-output>
        </test-method> <!-- f -->
      </class> <!-- testSel.SelTest -->
    </test> <!-- Default test -->
  </suite> <!-- Default suite -->
</testng-results>
